zMyApp/build/outputs/logs/manifest-merger-debug-report.txt
-- Merging decision tree log ---
manifest
ADDED from src\main\AndroidManifest.xml:2:1-400:12
	package
		ADDED from src\main\AndroidManifest.xml:3:5-37
		INJECTED from src\main\AndroidManifest.xml
		INJECTED from src\main\AndroidManifest.xml
	android:versionName
		ADDED from src\main\AndroidManifest.xml:5:5-30
		INJECTED from src\main\AndroidManifest.xml
		INJECTED from src\main\AndroidManifest.xml
	android:versionCode
		ADDED from src\main\AndroidManifest.xml:4:5-28
		INJECTED from src\main\AndroidManifest.xml
		INJECTED from src\main\AndroidManifest.xml
	xmlns:android
		ADDED from src\main\AndroidManifest.xml:2:11-69
uses-sdk
ADDED from src\main\AndroidManifest.xml:7:5-9:41
MERGED from [Weather:library:unspecified] AndroidManifest.xml:7:5-9:40
MERGED from [com.android.support:support-v4:21.0.3] AndroidManifest.xml:15:5-42
MERGED from [Weather:slidelibrary:unspecified] AndroidManifest.xml:7:5-9:41
MERGED from [com.android.support:support-v4:21.0.3] AndroidManifest.xml:15:5-42
MERGED from [com.android.support:support-v4:21.0.3] AndroidManifest.xml:15:5-42
MERGED from [Weather:pulltorefresh:unspecified] AndroidManifest.xml:7:5-9:40
	android:targetSdkVersion
		ADDED from src\main\AndroidManifest.xml:9:9-38
		INJECTED from src\main\AndroidManifest.xml
		INJECTED from src\main\AndroidManifest.xml
	android:minSdkVersion
		ADDED from src\main\AndroidManifest.xml:8:9-35
		INJECTED from src\main\AndroidManifest.xml
		INJECTED from src\main\AndroidManifest.xml
permission#com.example.apitestapp.permission.JPUSH_MESSAGE
ADDED from src\main\AndroidManifest.xml:11:5-13:47
	android:protectionLevel
		ADDED from src\main\AndroidManifest.xml:13:9-44
	android:name
		ADDED from src\main\AndroidManifest.xml:12:9-71
uses-permission#android.permission.WRITE_SETTINGS
ADDED from src\main\AndroidManifest.xml:14:5-73
	android:name
		ADDED from src\main\AndroidManifest.xml:14:22-70
uses-permission#com.example.apitestapp.permission.JPUSH_MESSAGE
ADDED from src\main\AndroidManifest.xml:16:5-87
	android:name
		ADDED from src\main\AndroidManifest.xml:16:22-84
uses-permission#android.permission.RECEIVE_USER_PRESENT
ADDED from src\main\AndroidManifest.xml:17:5-79
	android:name
		ADDED from src\main\AndroidManifest.xml:17:22-76
uses-permission#android.permission.INTERNET
ADDED from src\main\AndroidManifest.xml:18:5-67
	android:name
		ADDED from src\main\AndroidManifest.xml:18:22-64
uses-permission#android.permission.WAKE_LOCK
ADDED from src\main\AndroidManifest.xml:19:5-68
	android:name
		ADDED from src\main\AndroidManifest.xml:19:22-65
uses-permission#android.permission.READ_PHONE_STATE
ADDED from src\main\AndroidManifest.xml:20:5-75
	android:name
		ADDED from src\main\AndroidManifest.xml:20:22-72
uses-permission#android.permission.WRITE_EXTERNAL_STORAGE
ADDED from src\main\AndroidManifest.xml:21:5-81
	android:name
		ADDED from src\main\AndroidManifest.xml:21:22-78
uses-permission#android.permission.READ_EXTERNAL_STORAGE
ADDED from src\main\AndroidManifest.xml:22:5-80
	android:name
		ADDED from src\main\AndroidManifest.xml:22:22-77
uses-permission#android.permission.VIBRATE
ADDED from src\main\AndroidManifest.xml:24:5-66
	android:name
		ADDED from src\main\AndroidManifest.xml:24:22-63
uses-permission#android.permission.MOUNT_UNMOUNT_FILESYSTEMS
ADDED from src\main\AndroidManifest.xml:25:5-84
	android:name
		ADDED from src\main\AndroidManifest.xml:25:22-81
uses-permission#android.permission.ACCESS_NETWORK_STATE
ADDED from src\main\AndroidManifest.xml:26:5-79
	android:name
		ADDED from src\main\AndroidManifest.xml:26:22-76
uses-permission#android.permission.SYSTEM_ALERT_WINDOW
ADDED from src\main\AndroidManifest.xml:27:5-77
	android:name
		ADDED from src\main\AndroidManifest.xml:27:22-75
uses-permission#android.permission.ACCESS_COARSE_LOCATION
ADDED from src\main\AndroidManifest.xml:32:5-81
	android:name
		ADDED from src\main\AndroidManifest.xml:32:22-78
uses-permission#android.permission.ACCESS_WIFI_STATE
ADDED from src\main\AndroidManifest.xml:33:5-76
	android:name
		ADDED from src\main\AndroidManifest.xml:33:22-73
uses-permission#android.permission.CHANGE_WIFI_STATE
ADDED from src\main\AndroidManifest.xml:34:5-76
	android:name
		ADDED from src\main\AndroidManifest.xml:34:22-73
uses-permission#android.permission.ACCESS_FINE_LOCATION
ADDED from src\main\AndroidManifest.xml:35:5-79
	android:name
		ADDED from src\main\AndroidManifest.xml:35:22-76
uses-permission#android.permission.ACCESS_LOCATION_EXTRA_COMMANDS
ADDED from src\main\AndroidManifest.xml:36:5-89
	android:name
		ADDED from src\main\AndroidManifest.xml:36:22-86
uses-permission#android.permission.CHANGE_NETWORK_STATE
ADDED from src\main\AndroidManifest.xml:37:5-79
	android:name
		ADDED from src\main\AndroidManifest.xml:37:22-76
application
ADDED from src\main\AndroidManifest.xml:38:5-359:19
MERGED from [com.android.support:support-v4:21.0.3] AndroidManifest.xml:16:5-19
MERGED from [com.android.support:support-v4:21.0.3] AndroidManifest.xml:16:5-19
MERGED from [com.android.support:support-v4:21.0.3] AndroidManifest.xml:16:5-19
MERGED from [Weather:pulltorefresh:unspecified] AndroidManifest.xml:11:5-20
	android:label
		ADDED from src\main\AndroidManifest.xml:41:9-41
	android:hardwareAccelerated
		ADDED from src\main\AndroidManifest.xml:43:10-44
	android:allowBackup
		ADDED from src\main\AndroidManifest.xml:39:9-35
	android:icon
		ADDED from src\main\AndroidManifest.xml:40:9-37
	android:theme
		ADDED from src\main\AndroidManifest.xml:42:9-40
	android:name
		ADDED from src\main\AndroidManifest.xml:44:12-62
meta-data#com.baidu.lbsapi.API_KEY
ADDED from src\main\AndroidManifest.xml:46:9-48:53
	android:value
		ADDED from src\main\AndroidManifest.xml:48:10-50
	android:name
		ADDED from src\main\AndroidManifest.xml:47:10-49
meta-data#JPUSH_CHANNEL
ADDED from src\main\AndroidManifest.xml:50:9-84
	android:value
		ADDED from src\main\AndroidManifest.xml:50:49-82
	android:name
		ADDED from src\main\AndroidManifest.xml:50:20-48
meta-data#JPUSH_APPKEY
ADDED from src\main\AndroidManifest.xml:51:9-91
	android:value
		ADDED from src\main\AndroidManifest.xml:51:48-88
	android:name
		ADDED from src\main\AndroidManifest.xml:51:20-47
meta-data#com.amap.api.v2.apikey
ADDED from src\main\AndroidManifest.xml:52:9-54:64
	android:value
		ADDED from src\main\AndroidManifest.xml:54:13-61
	android:name
		ADDED from src\main\AndroidManifest.xml:53:13-50
activity#com.example.apitestapp.PushSetActivity
ADDED from src\main\AndroidManifest.xml:57:8-116
	android:label
		ADDED from src\main\AndroidManifest.xml:57:72-104
	android:name
		ADDED from src\main\AndroidManifest.xml:57:18-71
activity#com.example.apitestapp.SettingActivity
ADDED from src\main\AndroidManifest.xml:59:8-116
	android:label
		ADDED from src\main\AndroidManifest.xml:59:72-104
	android:name
		ADDED from src\main\AndroidManifest.xml:59:18-71
activity#com.example.apitestapp.TestActivity
ADDED from src\main\AndroidManifest.xml:61:9-66:20
	android:name
		ADDED from src\main\AndroidManifest.xml:61:19-69
intent-filter#jpush.testAction+jpush.testCategory
ADDED from src\main\AndroidManifest.xml:62:13-65:29
action#jpush.testAction
ADDED from src\main\AndroidManifest.xml:63:17-59
	android:name
		ADDED from src\main\AndroidManifest.xml:63:25-56
category#jpush.testCategory
ADDED from src\main\AndroidManifest.xml:64:17-63
	android:name
		ADDED from src\main\AndroidManifest.xml:64:27-60
activity#com.example.useractivity.ThemeActivity
ADDED from src\main\AndroidManifest.xml:68:1-77:26
	android:label
		ADDED from src\main\AndroidManifest.xml:71:13-45
	android:icon
		ADDED from src\main\AndroidManifest.xml:70:13-41
	android:name
		ADDED from src\main\AndroidManifest.xml:69:13-66
intent-filter#android.intent.category.DEFAULT+com.intent.example.ThemeActivity
ADDED from src\main\AndroidManifest.xml:73:14-76:29
action#com.intent.example.ThemeActivity
ADDED from src\main\AndroidManifest.xml:74:17-75
	android:name
		ADDED from src\main\AndroidManifest.xml:74:25-72
category#android.intent.category.DEFAULT
ADDED from src\main\AndroidManifest.xml:75:17-76
	android:name
		ADDED from src\main\AndroidManifest.xml:75:27-73
activity#com.example.apitestapp.MainActivity
ADDED from src\main\AndroidManifest.xml:79:15-91:25
	android:label
		ADDED from src\main\AndroidManifest.xml:82:13-45
	android:icon
		ADDED from src\main\AndroidManifest.xml:81:13-41
	android:name
		ADDED from src\main\AndroidManifest.xml:80:21-71
intent-filter#android.intent.action.LoadingActivity+android.intent.category.DEFAULT
ADDED from src\main\AndroidManifest.xml:85:13-89:29
action#android.intent.action.LoadingActivity
ADDED from src\main\AndroidManifest.xml:86:17-80
	android:name
		ADDED from src\main\AndroidManifest.xml:86:25-77
activity#com.example.gaode_map.navi.BasicNavActivity
ADDED from src\main\AndroidManifest.xml:93:9-98:20
	android:label
		ADDED from src\main\AndroidManifest.xml:96:13-45
	android:configChanges
		ADDED from src\main\AndroidManifest.xml:95:13-74
	android:theme
		ADDED from src\main\AndroidManifest.xml:97:13-66
	android:name
		ADDED from src\main\AndroidManifest.xml:94:13-71
activity#com.example.gaode_map.navi.BasicNaviActivity
ADDED from src\main\AndroidManifest.xml:99:9-104:20
	android:label
		ADDED from src\main\AndroidManifest.xml:102:13-45
	android:configChanges
		ADDED from src\main\AndroidManifest.xml:101:13-74
	android:theme
		ADDED from src\main\AndroidManifest.xml:103:13-66
	android:name
		ADDED from src\main\AndroidManifest.xml:100:13-72
activity#com.example.apitestapp.LoadingActivity
ADDED from src\main\AndroidManifest.xml:107:10-116:26
	android:label
		ADDED from src\main\AndroidManifest.xml:110:13-45
	android:icon
		ADDED from src\main\AndroidManifest.xml:109:13-41
	android:name
		ADDED from src\main\AndroidManifest.xml:108:13-66
intent-filter#android.intent.action.MAIN+android.intent.category.LAUNCHER
ADDED from src\main\AndroidManifest.xml:112:14-115:29
action#android.intent.action.MAIN
ADDED from src\main\AndroidManifest.xml:113:16-68
	android:name
		ADDED from src\main\AndroidManifest.xml:113:24-65
category#android.intent.category.LAUNCHER
ADDED from src\main\AndroidManifest.xml:114:5-65
	android:name
		ADDED from src\main\AndroidManifest.xml:114:15-62
activity#com.example.news.SportNewsActivity
ADDED from src\main\AndroidManifest.xml:119:2-128:26
	android:label
		ADDED from src\main\AndroidManifest.xml:122:13-45
	android:icon
		ADDED from src\main\AndroidManifest.xml:121:13-41
	android:name
		ADDED from src\main\AndroidManifest.xml:120:13-62
intent-filter#android.intent.category.DEFAULT+com.intent.example.news.SportNewsActivity
ADDED from src\main\AndroidManifest.xml:124:14-127:29
action#com.intent.example.news.SportNewsActivity
ADDED from src\main\AndroidManifest.xml:125:17-84
	android:name
		ADDED from src\main\AndroidManifest.xml:125:25-81
activity#com.example.news.HealthNewsActivity
ADDED from src\main\AndroidManifest.xml:130:3-139:26
	android:label
		ADDED from src\main\AndroidManifest.xml:133:13-45
	android:icon
		ADDED from src\main\AndroidManifest.xml:132:13-41
	android:name
		ADDED from src\main\AndroidManifest.xml:131:13-63
intent-filter#android.intent.category.DEFAULT+com.intent.example.news.HealthNewsActivity
ADDED from src\main\AndroidManifest.xml:135:14-138:29
action#com.intent.example.news.HealthNewsActivity
ADDED from src\main\AndroidManifest.xml:136:17-85
	android:name
		ADDED from src\main\AndroidManifest.xml:136:25-82
activity#com.example.news.LookPointActivity
ADDED from src\main\AndroidManifest.xml:140:3-149:26
	android:label
		ADDED from src\main\AndroidManifest.xml:143:13-45
	android:icon
		ADDED from src\main\AndroidManifest.xml:142:13-41
	android:name
		ADDED from src\main\AndroidManifest.xml:141:13-62
intent-filter#android.intent.category.DEFAULT+com.intent.example.news.LookPointActivity
ADDED from src\main\AndroidManifest.xml:145:14-148:29
action#com.intent.example.news.LookPointActivity
ADDED from src\main\AndroidManifest.xml:146:17-84
	android:name
		ADDED from src\main\AndroidManifest.xml:146:25-81
activity#com.example.gaode_map.LocationModeSourceActivity
ADDED from src\main\AndroidManifest.xml:152:3-158:14
	android:name
		ADDED from src\main\AndroidManifest.xml:152:13-76
intent-filter#android.intent.category.DEFAULT+com.intent.example.map.PoiSearchDemo
ADDED from src\main\AndroidManifest.xml:153:7-156:23
action#com.intent.example.map.PoiSearchDemo
ADDED from src\main\AndroidManifest.xml:154:11-73
	android:name
		ADDED from src\main\AndroidManifest.xml:154:19-70
service#com.amap.api.location.APSService
ADDED from src\main\AndroidManifest.xml:160:9-161:19
	android:name
		ADDED from src\main\AndroidManifest.xml:160:18-65
activity#com.example.useractivity.UserInfoActivity
ADDED from src\main\AndroidManifest.xml:165:4-174:26
	android:label
		ADDED from src\main\AndroidManifest.xml:168:13-45
	android:icon
		ADDED from src\main\AndroidManifest.xml:167:13-41
	android:name
		ADDED from src\main\AndroidManifest.xml:166:13-69
intent-filter#android.intent.category.DEFAULT+com.intent.example.UserInfoActivity
ADDED from src\main\AndroidManifest.xml:170:14-173:29
action#com.intent.example.UserInfoActivity
ADDED from src\main\AndroidManifest.xml:171:17-78
	android:name
		ADDED from src\main\AndroidManifest.xml:171:25-75
activity#com.example.useractivity.UserActivity
ADDED from src\main\AndroidManifest.xml:175:6-184:26
	android:label
		ADDED from src\main\AndroidManifest.xml:178:13-45
	android:icon
		ADDED from src\main\AndroidManifest.xml:177:13-41
	android:name
		ADDED from src\main\AndroidManifest.xml:176:13-65
intent-filter#android.intent.category.DEFAULT+com.intent.example.UserActivity
ADDED from src\main\AndroidManifest.xml:180:14-183:29
action#com.intent.example.UserActivity
ADDED from src\main\AndroidManifest.xml:181:17-74
	android:name
		ADDED from src\main\AndroidManifest.xml:181:25-71
activity#cn.jpush.android.ui.PushActivity
ADDED from src\main\AndroidManifest.xml:188:9-197:20
	android:exported
		ADDED from src\main\AndroidManifest.xml:191:13-37
	android:configChanges
		ADDED from src\main\AndroidManifest.xml:190:13-63
	android:name
		ADDED from src\main\AndroidManifest.xml:189:13-60
intent-filter#android.intent.category.DEFAULT+cn.jpush.android.ui.PushActivity+com.example.apitestapp
ADDED from src\main\AndroidManifest.xml:192:13-196:29
action#cn.jpush.android.ui.PushActivity
ADDED from src\main\AndroidManifest.xml:193:17-75
	android:name
		ADDED from src\main\AndroidManifest.xml:193:25-72
category#com.example.apitestapp
ADDED from src\main\AndroidManifest.xml:195:17-67
	android:name
		ADDED from src\main\AndroidManifest.xml:195:27-64
service#cn.jpush.android.service.DownloadService
ADDED from src\main\AndroidManifest.xml:199:9-203:19
	android:enabled
		ADDED from src\main\AndroidManifest.xml:201:13-35
	android:exported
		ADDED from src\main\AndroidManifest.xml:202:13-37
	android:name
		ADDED from src\main\AndroidManifest.xml:200:13-68
service#cn.jpush.android.service.PushService
ADDED from src\main\AndroidManifest.xml:207:9-218:19
	android:enabled
		ADDED from src\main\AndroidManifest.xml:209:13-35
	android:exported
		ADDED from src\main\AndroidManifest.xml:210:13-37
	android:name
		ADDED from src\main\AndroidManifest.xml:208:13-64
intent-filter#cn.jpush.android.intent.PUSH_TIME+cn.jpush.android.intent.PushService+cn.jpush.android.intent.REGISTER+cn.jpush.android.intent.REPORT
ADDED from src\main\AndroidManifest.xml:211:13-217:29
action#cn.jpush.android.intent.REGISTER
ADDED from src\main\AndroidManifest.xml:212:17-75
	android:name
		ADDED from src\main\AndroidManifest.xml:212:25-72
action#cn.jpush.android.intent.REPORT
ADDED from src\main\AndroidManifest.xml:213:17-73
	android:name
		ADDED from src\main\AndroidManifest.xml:213:25-70
action#cn.jpush.android.intent.PushService
ADDED from src\main\AndroidManifest.xml:214:17-78
	android:name
		ADDED from src\main\AndroidManifest.xml:214:25-75
action#cn.jpush.android.intent.PUSH_TIME
ADDED from src\main\AndroidManifest.xml:215:17-76
	android:name
		ADDED from src\main\AndroidManifest.xml:215:25-73
service#cn.jpush.android.service.DaemonService
ADDED from src\main\AndroidManifest.xml:222:9-230:19
	android:enabled
		ADDED from src\main\AndroidManifest.xml:224:13-35
	android:exported
		ADDED from src\main\AndroidManifest.xml:225:13-36
	android:name
		ADDED from src\main\AndroidManifest.xml:223:13-66
intent-filter#cn.jpush.android.intent.DaemonService+com.example.apitestapp
ADDED from src\main\AndroidManifest.xml:226:13-229:29
action#cn.jpush.android.intent.DaemonService
ADDED from src\main\AndroidManifest.xml:227:17-80
	android:name
		ADDED from src\main\AndroidManifest.xml:227:25-77
receiver#cn.jpush.android.service.PushReceiver
ADDED from src\main\AndroidManifest.xml:234:9-253:20
	android:enabled
		ADDED from src\main\AndroidManifest.xml:236:13-35
	android:exported
		ADDED from src\main\AndroidManifest.xml:237:13-37
	android:name
		ADDED from src\main\AndroidManifest.xml:235:13-65
intent-filter#cn.jpush.android.intent.NOTIFICATION_RECEIVED_PROXY+com.example.apitestapp
ADDED from src\main\AndroidManifest.xml:238:14-241:29
	android:priority
		ADDED from src\main\AndroidManifest.xml:238:29-52
action#cn.jpush.android.intent.NOTIFICATION_RECEIVED_PROXY
ADDED from src\main\AndroidManifest.xml:239:17-94
	android:name
		ADDED from src\main\AndroidManifest.xml:239:25-91
intent-filter#android.intent.action.USER_PRESENT+android.net.conn.CONNECTIVITY_CHANGE
ADDED from src\main\AndroidManifest.xml:242:13-245:29
action#android.intent.action.USER_PRESENT
ADDED from src\main\AndroidManifest.xml:243:17-77
	android:name
		ADDED from src\main\AndroidManifest.xml:243:25-74
action#android.net.conn.CONNECTIVITY_CHANGE
ADDED from src\main\AndroidManifest.xml:244:17-79
	android:name
		ADDED from src\main\AndroidManifest.xml:244:25-76
intent-filter#android.intent.action.PACKAGE_ADDED+android.intent.action.PACKAGE_REMOVED
ADDED from src\main\AndroidManifest.xml:247:13-251:29
action#android.intent.action.PACKAGE_ADDED
ADDED from src\main\AndroidManifest.xml:248:17-78
	android:name
		ADDED from src\main\AndroidManifest.xml:248:25-75
action#android.intent.action.PACKAGE_REMOVED
ADDED from src\main\AndroidManifest.xml:249:17-80
	android:name
		ADDED from src\main\AndroidManifest.xml:249:25-77
data
ADDED from src\main\AndroidManifest.xml:250:17-50
	android:scheme
		ADDED from src\main\AndroidManifest.xml:250:23-47
receiver#cn.jpush.android.service.AlarmReceiver
ADDED from src\main\AndroidManifest.xml:256:9-75
	android:name
		ADDED from src\main\AndroidManifest.xml:256:19-72
receiver#com.example.apitestapp.MyReceiver
ADDED from src\main\AndroidManifest.xml:259:9-273:20
	android:enabled
		ADDED from src\main\AndroidManifest.xml:261:13-35
	android:exported
		ADDED from src\main\AndroidManifest.xml:262:13-37
	android:name
		ADDED from src\main\AndroidManifest.xml:260:13-61
intent-filter#cn.jpush.android.intent.ACTION_RICHPUSH_CALLBACK+cn.jpush.android.intent.CONNECTION+cn.jpush.android.intent.MESSAGE_RECEIVED+cn.jpush.android.intent.NOTIFICATION_OPENED+cn.jpush.android.intent.NOTIFICATION_RECEIVED+cn.jpush.android.intent.REGISTRATION+cn.jpush.android.intent.UNREGISTRATION+com.example.apitestapp
ADDED from src\main\AndroidManifest.xml:263:13-272:29
action#cn.jpush.android.intent.REGISTRATION
ADDED from src\main\AndroidManifest.xml:264:17-79
	android:name
		ADDED from src\main\AndroidManifest.xml:264:25-76
action#cn.jpush.android.intent.UNREGISTRATION
ADDED from src\main\AndroidManifest.xml:265:17-81
	android:name
		ADDED from src\main\AndroidManifest.xml:265:25-78
action#cn.jpush.android.intent.MESSAGE_RECEIVED
ADDED from src\main\AndroidManifest.xml:266:17-83
	android:name
		ADDED from src\main\AndroidManifest.xml:266:25-80
action#cn.jpush.android.intent.NOTIFICATION_RECEIVED
ADDED from src\main\AndroidManifest.xml:267:17-88
	android:name
		ADDED from src\main\AndroidManifest.xml:267:25-85
action#cn.jpush.android.intent.NOTIFICATION_OPENED
ADDED from src\main\AndroidManifest.xml:268:17-86
	android:name
		ADDED from src\main\AndroidManifest.xml:268:25-83
action#cn.jpush.android.intent.ACTION_RICHPUSH_CALLBACK
ADDED from src\main\AndroidManifest.xml:269:17-91
	android:name
		ADDED from src\main\AndroidManifest.xml:269:25-88
action#cn.jpush.android.intent.CONNECTION
ADDED from src\main\AndroidManifest.xml:270:17-77
	android:name
		ADDED from src\main\AndroidManifest.xml:270:25-74
activity#com.example.apitestapp.NewsDetail
ADDED from src\main\AndroidManifest.xml:287:27-295:20
	android:label
		ADDED from src\main\AndroidManifest.xml:289:13-45
	android:name
		ADDED from src\main\AndroidManifest.xml:288:13-61
intent-filter#android.intent.action.NewsDetail+android.intent.category.DEFAULT
ADDED from src\main\AndroidManifest.xml:290:13-294:29
action#android.intent.action.NewsDetail
ADDED from src\main\AndroidManifest.xml:291:17-75
	android:name
		ADDED from src\main\AndroidManifest.xml:291:25-72
activity#com.example.apitestapp.CityContainer
ADDED from src\main\AndroidManifest.xml:305:14-313:20
	android:label
		ADDED from src\main\AndroidManifest.xml:307:13-45
	android:name
		ADDED from src\main\AndroidManifest.xml:306:13-64
intent-filter#android.intent.action.CityContainer+android.intent.category.DEFAULT
ADDED from src\main\AndroidManifest.xml:308:13-312:29
action#android.intent.action.CityContainer
ADDED from src\main\AndroidManifest.xml:309:17-78
	android:name
		ADDED from src\main\AndroidManifest.xml:309:25-75
activity#com.example.apitestapp.NewsActivity
ADDED from src\main\AndroidManifest.xml:315:18-323:20
	android:label
		ADDED from src\main\AndroidManifest.xml:317:13-45
	android:name
		ADDED from src\main\AndroidManifest.xml:316:13-63
intent-filter#android.intent.action.NewsActivity+android.intent.category.DEFAULT
ADDED from src\main\AndroidManifest.xml:318:13-322:29
action#android.intent.action.NewsActivity
ADDED from src\main\AndroidManifest.xml:319:17-77
	android:name
		ADDED from src\main\AndroidManifest.xml:319:25-74
receiver#com.example.apitestapp.AppWidget
ADDED from src\main\AndroidManifest.xml:333:9-350:20
	android:name
		ADDED from src\main\AndroidManifest.xml:333:19-43
intent-filter#android.appwidget.action.APPWIDGET_UPDATE+android.intent.action.BOOT_COMPLETED+android.intent.action.SCREEN_ON+android.intent.action.TIME_SET+android.intent.action.USER_PRESENT+com.qlf.appWidgetUpdate+com.qlf.changecity+com.qlf.opencalendar+com.qlf.openclock+com.qlf.openmyweather
ADDED from src\main\AndroidManifest.xml:334:13-347:29
action#android.appwidget.action.APPWIDGET_UPDATE
ADDED from src\main\AndroidManifest.xml:335:17-91
	android:name
		ADDED from src\main\AndroidManifest.xml:335:25-81
action#android.intent.action.TIME_SET
ADDED from src\main\AndroidManifest.xml:336:19-82
	android:name
		ADDED from src\main\AndroidManifest.xml:336:27-72
action#android.intent.action.SCREEN_ON
ADDED from src\main\AndroidManifest.xml:338:20-84
	android:name
		ADDED from src\main\AndroidManifest.xml:338:28-74
action#com.qlf.appWidgetUpdate
ADDED from src\main\AndroidManifest.xml:339:20-76
	android:name
		ADDED from src\main\AndroidManifest.xml:339:28-66
action#com.qlf.opencalendar
ADDED from src\main\AndroidManifest.xml:340:19-72
	android:name
		ADDED from src\main\AndroidManifest.xml:340:27-62
action#com.qlf.openclock
ADDED from src\main\AndroidManifest.xml:341:21-71
	android:name
		ADDED from src\main\AndroidManifest.xml:341:29-61
action#com.qlf.changecity
ADDED from src\main\AndroidManifest.xml:342:21-72
	android:name
		ADDED from src\main\AndroidManifest.xml:342:29-62
action#com.qlf.openmyweather
ADDED from src\main\AndroidManifest.xml:343:21-75
	android:name
		ADDED from src\main\AndroidManifest.xml:343:29-65
action#android.intent.action.BOOT_COMPLETED
ADDED from src\main\AndroidManifest.xml:345:17-79
	android:name
		ADDED from src\main\AndroidManifest.xml:345:25-76
meta-data#android.appwidget.provider
ADDED from src\main\AndroidManifest.xml:348:13-349:55
	android:resource
		ADDED from src\main\AndroidManifest.xml:349:17-52
	android:name
		ADDED from src\main\AndroidManifest.xml:348:24-65
service#com.example.service.WeatherUpdateService
ADDED from src\main\AndroidManifest.xml:352:9-84
	android:name
		ADDED from src\main\AndroidManifest.xml:352:18-73
service#com.baidu.location.f
ADDED from src\main\AndroidManifest.xml:354:10-358:19
	android:enabled
		ADDED from src\main\AndroidManifest.xml:356:13-35
	android:process
		ADDED from src\main\AndroidManifest.xml:357:13-38
	android:name
		ADDED from src\main\AndroidManifest.xml:355:13-48
uses-permission#com.android.launcher.permission.READ_SETTINGS
ADDED from src\main\AndroidManifest.xml:361:5-85
	android:name
		ADDED from src\main\AndroidManifest.xml:361:22-82
uses-permission#android.permission.GET_TASKS
ADDED from src\main\AndroidManifest.xml:367:5-68
	android:name
		ADDED from src\main\AndroidManifest.xml:367:22-65
uses-permission#android.permission.READ_LOGS
ADDED from src\main\AndroidManifest.xml:390:2-81
	android:name
		ADDED from src\main\AndroidManifest.xml:390:19-62
supports-screens
ADDED from src\main\AndroidManifest.xml:393:5-398:39
	android:largeScreens
		ADDED from src\main\AndroidManifest.xml:395:9-36
	android:smallScreens
		ADDED from src\main\AndroidManifest.xml:398:9-36
	android:normalScreens
		ADDED from src\main\AndroidManifest.xml:396:9-38
	android:resizeable
		ADDED from src\main\AndroidManifest.xml:397:9-34
	android:anyDensity
		ADDED from src\main\AndroidManifest.xml:394:9-34